{"/Users/matheusmartinez/Desktop/elogroup/e-commerce/src/config/config.js": {"path":"/Users/matheusmartinez/Desktop/elogroup/e-commerce/src/config/config.js","statementMap":{"0":{"start":{"line":1,"column":0},"end":{"line":1,"column":64}},"1":{"start":{"line":3,"column":20},"end":{"line":3,"column":50}},"2":{"start":{"line":5,"column":15},"end":{"line":9,"column":1}},"3":{"start":{"line":11,"column":16},"end":{"line":23,"column":1}},"4":{"start":{"line":25,"column":0},"end":{"line":32,"column":2}}},"fnMap":{},"branchMap":{"0":{"loc":{"start":{"line":3,"column":20},"end":{"line":3,"column":50}},"type":"binary-expr","locations":[{"start":{"line":3,"column":20},"end":{"line":3,"column":40}},{"start":{"line":3,"column":44},"end":{"line":3,"column":50}}],"line":3},"1":{"loc":{"start":{"line":12,"column":8},"end":{"line":12,"column":45}},"type":"binary-expr","locations":[{"start":{"line":12,"column":8},"end":{"line":12,"column":30}},{"start":{"line":12,"column":34},"end":{"line":12,"column":45}}],"line":12},"2":{"loc":{"start":{"line":13,"column":8},"end":{"line":13,"column":40}},"type":"binary-expr","locations":[{"start":{"line":13,"column":8},"end":{"line":13,"column":30}},{"start":{"line":13,"column":34},"end":{"line":13,"column":40}}],"line":13},"3":{"loc":{"start":{"line":15,"column":7},"end":{"line":15,"column":47}},"type":"binary-expr","locations":[{"start":{"line":15,"column":7},"end":{"line":15,"column":32}},{"start":{"line":15,"column":36},"end":{"line":15,"column":47}}],"line":15},"4":{"loc":{"start":{"line":15,"column":50},"end":{"line":15,"column":84}},"type":"binary-expr","locations":[{"start":{"line":15,"column":50},"end":{"line":15,"column":69}},{"start":{"line":15,"column":73},"end":{"line":15,"column":84}}],"line":15},"5":{"loc":{"start":{"line":16,"column":12},"end":{"line":16,"column":44}},"type":"binary-expr","locations":[{"start":{"line":16,"column":12},"end":{"line":16,"column":34}},{"start":{"line":16,"column":38},"end":{"line":16,"column":44}}],"line":16},"6":{"loc":{"start":{"line":17,"column":12},"end":{"line":17,"column":48}},"type":"binary-expr","locations":[{"start":{"line":17,"column":12},"end":{"line":17,"column":38}},{"start":{"line":17,"column":42},"end":{"line":17,"column":48}}],"line":17}},"s":{"0":1,"1":1,"2":1,"3":1,"4":1},"f":{},"b":{"0":[1,0],"1":[1,0],"2":[1,0],"3":[1,0],"4":[1,0],"5":[1,0],"6":[1,0]},"_coverageSchema":"1a1c01bbd47fc00a2c39e90264f33305004495a9","hash":"bb1fd051959b06ba407ce2425029ac306798b69a"}
}
